2019-10-21 14:58:01,200 INFO com.cg.healthcaresystemrest.HealthCareSystemRestApplication [restartedMain] Starting HealthCareSystemRestApplication on DESKTOP-S9SRJSK with PID 1428 (C:\Users\Admin\git\HCS\HealthCareSystemRest\target\classes started by Admin in C:\Users\Admin\git\HCS\HealthCareSystemRest)
2019-10-21 14:58:01,201 DEBUG com.cg.healthcaresystemrest.HealthCareSystemRestApplication [restartedMain] Running with Spring Boot v2.1.9.RELEASE, Spring v5.1.10.RELEASE
2019-10-21 14:58:01,201 INFO com.cg.healthcaresystemrest.HealthCareSystemRestApplication [restartedMain] The following profiles are active: production
2019-10-21 14:58:03,820 DEBUG com.cg.healthcaresystemrest.config.JwtRequestFilter [restartedMain] Filter 'jwtRequestFilter' configured for use
2019-10-21 14:58:04,401 INFO com.cg.healthcaresystemrest.HealthCareSystemRestApplication [restartedMain] Started HealthCareSystemRestApplication in 3.436 seconds (JVM running for 3.916)
2019-10-21 14:58:10,774 WARN com.cg.healthcaresystemrest.config.JwtRequestFilter [http-nio-9123-exec-1] JWT Token does not begin with Bearer String
2019-10-21 14:58:10,940 INFO com.cg.healthcaresystemrest.controller.HCSController [http-nio-9123-exec-1] Getting list of all centers in the system..
2019-10-21 14:58:10,991 INFO com.cg.healthcaresystemrest.controller.HCSController [http-nio-9123-exec-1] Returning center list..
2019-10-21 14:58:16,029 WARN com.cg.healthcaresystemrest.config.JwtRequestFilter [http-nio-9123-exec-2] JWT Token does not begin with Bearer String
2019-10-21 14:58:16,039 INFO com.cg.healthcaresystemrest.controller.HCSController [http-nio-9123-exec-2] Validating center id entered as parameter..
2019-10-21 14:58:16,042 INFO com.cg.healthcaresystemrest.service.UserServiceImpl [http-nio-9123-exec-2] Center Id is proper... returning BigInteger value of the entered Id..
2019-10-21 14:58:16,043 INFO com.cg.healthcaresystemrest.controller.HCSController [http-nio-9123-exec-2] Center Id validated... Getting test List
2019-10-21 14:58:16,050 INFO com.cg.healthcaresystemrest.controller.HCSController [http-nio-9123-exec-2] Returning test list in the center..
2019-10-21 14:58:18,652 WARN com.cg.healthcaresystemrest.config.JwtRequestFilter [http-nio-9123-exec-3] JWT Token does not begin with Bearer String
2019-10-21 14:58:18,655 INFO com.cg.healthcaresystemrest.controller.HCSController [http-nio-9123-exec-3] Getting list of all centers in the system..
2019-10-21 14:58:18,657 INFO com.cg.healthcaresystemrest.controller.HCSController [http-nio-9123-exec-3] Returning center list..
2019-10-21 14:58:19,148 WARN com.cg.healthcaresystemrest.config.JwtRequestFilter [http-nio-9123-exec-4] JWT Token does not begin with Bearer String
2019-10-21 14:58:19,149 INFO com.cg.healthcaresystemrest.controller.HCSController [http-nio-9123-exec-4] Validating center id entered as parameter..
2019-10-21 14:58:19,153 INFO com.cg.healthcaresystemrest.service.UserServiceImpl [http-nio-9123-exec-4] Center Id is proper... returning BigInteger value of the entered Id..
2019-10-21 14:58:19,153 INFO com.cg.healthcaresystemrest.controller.HCSController [http-nio-9123-exec-4] Center Id validated... Getting test List
2019-10-21 14:58:19,158 INFO com.cg.healthcaresystemrest.controller.HCSController [http-nio-9123-exec-4] Returning test list in the center..
2019-10-21 14:58:20,788 WARN com.cg.healthcaresystemrest.config.JwtRequestFilter [http-nio-9123-exec-5] JWT Token does not begin with Bearer String
2019-10-21 14:58:20,791 WARN com.cg.healthcaresystemrest.config.JwtRequestFilter [http-nio-9123-exec-6] JWT Token does not begin with Bearer String
2019-10-21 14:58:20,795 INFO com.cg.healthcaresystemrest.controller.HCSController [http-nio-9123-exec-6] Validating center id entered as parameter..
2019-10-21 14:58:20,799 WARN com.cg.healthcaresystemrest.config.JwtRequestFilter [http-nio-9123-exec-7] JWT Token does not begin with Bearer String
2019-10-21 14:58:20,799 INFO com.cg.healthcaresystemrest.service.UserServiceImpl [http-nio-9123-exec-6] Center Id is proper... returning BigInteger value of the entered Id..
2019-10-21 14:58:20,800 INFO com.cg.healthcaresystemrest.controller.HCSController [http-nio-9123-exec-6] Center Id validated... Getting test List
2019-10-21 14:58:20,802 INFO com.cg.healthcaresystemrest.controller.HCSController [http-nio-9123-exec-6] Returning test list in the center..
2019-10-21 14:58:20,803 INFO com.cg.healthcaresystemrest.service.UserServiceImpl [http-nio-9123-exec-7] Center Id is proper... returning BigInteger value of the entered Id..
2019-10-21 14:58:20,806 INFO com.cg.healthcaresystemrest.service.UserServiceImpl [http-nio-9123-exec-7] Test Id is proper... returning BigInteger value of the entered Id..
2019-10-21 14:58:20,948 INFO com.cg.healthcaresystemrest.controller.HCSController [http-nio-9123-exec-7] removing test from the given centerId
2019-10-21 14:58:25,596 WARN com.cg.healthcaresystemrest.config.JwtRequestFilter [http-nio-9123-exec-8] JWT Token does not begin with Bearer String
2019-10-21 14:58:25,597 WARN com.cg.healthcaresystemrest.config.JwtRequestFilter [http-nio-9123-exec-9] JWT Token does not begin with Bearer String
2019-10-21 14:58:25,599 INFO com.cg.healthcaresystemrest.controller.HCSController [http-nio-9123-exec-9] Validating center id entered as parameter..
2019-10-21 14:58:25,602 INFO com.cg.healthcaresystemrest.service.UserServiceImpl [http-nio-9123-exec-9] Center Id is proper... returning BigInteger value of the entered Id..
2019-10-21 14:58:25,603 INFO com.cg.healthcaresystemrest.controller.HCSController [http-nio-9123-exec-9] Center Id validated... Getting test List
2019-10-21 14:58:25,603 INFO com.cg.healthcaresystemrest.service.UserServiceImpl [http-nio-9123-exec-8] Center Id is proper... returning BigInteger value of the entered Id..
2019-10-21 14:58:25,605 INFO com.cg.healthcaresystemrest.controller.HCSController [http-nio-9123-exec-9] Returning test list in the center..
2019-10-21 14:58:25,606 ERROR com.cg.healthcaresystemrest.service.UserServiceImpl [http-nio-9123-exec-8] Invalid Test Id... throwing ValidationException in UserService.validateTestId
2019-10-21 14:58:25,612 ERROR com.cg.healthcaresystemrest.controller.HCSController [http-nio-9123-exec-8] Caught Validation Exception in /removeTest Controller... 
2019-10-21 14:58:41,699 WARN com.cg.healthcaresystemrest.config.JwtRequestFilter [http-nio-9123-exec-10] JWT Token does not begin with Bearer String
2019-10-21 14:58:41,701 INFO com.cg.healthcaresystemrest.controller.HCSController [http-nio-9123-exec-10] Getting list of all centers in the system..
2019-10-21 14:58:41,704 INFO com.cg.healthcaresystemrest.controller.HCSController [http-nio-9123-exec-10] Returning center list..
2019-10-21 14:58:52,884 WARN com.cg.healthcaresystemrest.config.JwtRequestFilter [http-nio-9123-exec-1] JWT Token does not begin with Bearer String
2019-10-21 14:58:52,892 WARN com.cg.healthcaresystemrest.config.JwtRequestFilter [http-nio-9123-exec-2] JWT Token does not begin with Bearer String
2019-10-21 14:58:52,895 INFO com.cg.healthcaresystemrest.service.UserServiceImpl [http-nio-9123-exec-2] Center Id is proper... returning BigInteger value of the entered Id..
2019-10-21 14:59:16,301 WARN com.cg.healthcaresystemrest.config.JwtRequestFilter [http-nio-9123-exec-3] JWT Token does not begin with Bearer String
2019-10-21 14:59:16,302 INFO com.cg.healthcaresystemrest.controller.HCSController [http-nio-9123-exec-3] Getting list of all centers in the system..
2019-10-21 14:59:16,306 INFO com.cg.healthcaresystemrest.controller.HCSController [http-nio-9123-exec-3] Returning center list..
2019-10-21 14:59:23,379 WARN com.cg.healthcaresystemrest.config.JwtRequestFilter [http-nio-9123-exec-5] JWT Token does not begin with Bearer String
2019-10-21 14:59:23,380 INFO com.cg.healthcaresystemrest.controller.HCSController [http-nio-9123-exec-5] Getting list of all centers in the system..
2019-10-21 14:59:23,383 INFO com.cg.healthcaresystemrest.controller.HCSController [http-nio-9123-exec-5] Returning center list..
2019-10-21 14:59:30,103 WARN com.cg.healthcaresystemrest.config.JwtRequestFilter [http-nio-9123-exec-7] JWT Token does not begin with Bearer String
2019-10-21 14:59:30,106 INFO com.cg.healthcaresystemrest.controller.HCSController [http-nio-9123-exec-7] Getting list of all centers in the system..
2019-10-21 14:59:30,110 INFO com.cg.healthcaresystemrest.controller.HCSController [http-nio-9123-exec-7] Returning center list..
2019-10-21 14:59:50,138 WARN com.cg.healthcaresystemrest.config.JwtRequestFilter [http-nio-9123-exec-9] JWT Token does not begin with Bearer String
2019-10-21 14:59:50,139 INFO com.cg.healthcaresystemrest.controller.HCSController [http-nio-9123-exec-9] Getting list of all centers in the system..
2019-10-21 14:59:50,142 INFO com.cg.healthcaresystemrest.controller.HCSController [http-nio-9123-exec-9] Returning center list..
2019-10-21 14:59:59,830 WARN com.cg.healthcaresystemrest.config.JwtRequestFilter [http-nio-9123-exec-8] JWT Token does not begin with Bearer String
2019-10-21 14:59:59,833 INFO com.cg.healthcaresystemrest.controller.HCSController [http-nio-9123-exec-8] Getting list of all centers in the system..
2019-10-21 14:59:59,839 INFO com.cg.healthcaresystemrest.controller.HCSController [http-nio-9123-exec-8] Returning center list..
2019-10-21 15:00:02,670 WARN com.cg.healthcaresystemrest.config.JwtRequestFilter [http-nio-9123-exec-10] JWT Token does not begin with Bearer String
2019-10-21 15:00:02,671 INFO com.cg.healthcaresystemrest.controller.HCSController [http-nio-9123-exec-10] Getting list of all centers in the system..
2019-10-21 15:00:02,674 INFO com.cg.healthcaresystemrest.controller.HCSController [http-nio-9123-exec-10] Returning center list..
